\BOOKMARK [1][-]{section.1}{Introduction}{}% 1
\BOOKMARK [1][-]{section.2}{Algorithm Implementation}{}% 2
\BOOKMARK [2][-]{subsection.2.1}{Problem Generation}{section.2}% 3
\BOOKMARK [2][-]{subsection.2.2}{Minimum Conflicts}{section.2}% 4
\BOOKMARK [2][-]{subsection.2.3}{Simple Backtracking}{section.2}% 5
\BOOKMARK [2][-]{subsection.2.4}{Backtracking with Forward Checking}{section.2}% 6
\BOOKMARK [2][-]{subsection.2.5}{Backtracking with Constraint Propagation}{section.2}% 7
\BOOKMARK [2][-]{subsection.2.6}{Genetic Algorithm}{section.2}% 8
\BOOKMARK [1][-]{section.3}{Experimental Approach}{}% 9
\BOOKMARK [2][-]{subsection.3.1}{Minimum Conflicts}{section.3}% 10
\BOOKMARK [2][-]{subsection.3.2}{Simple Backtracking}{section.3}% 11
\BOOKMARK [2][-]{subsection.3.3}{Backtracking with Forward Checking}{section.3}% 12
\BOOKMARK [2][-]{subsection.3.4}{Backtracking with Constraint Propagation}{section.3}% 13
\BOOKMARK [2][-]{subsection.3.5}{Genetic Algorithm}{section.3}% 14
\BOOKMARK [2][-]{subsection.3.6}{Comparisons}{section.3}% 15
\BOOKMARK [1][-]{section.4}{Results}{}% 16
\BOOKMARK [2][-]{subsection.4.1}{Minimum Conflicts}{section.4}% 17
\BOOKMARK [2][-]{subsection.4.2}{Simple Backtracking}{section.4}% 18
\BOOKMARK [2][-]{subsection.4.3}{Backtracking with Forward Checking}{section.4}% 19
\BOOKMARK [2][-]{subsection.4.4}{Backtracking with Constraint Propagation}{section.4}% 20
\BOOKMARK [2][-]{subsection.4.5}{Genetic Algorithm}{section.4}% 21
\BOOKMARK [2][-]{subsection.4.6}{Comparisons}{section.4}% 22
\BOOKMARK [1][-]{section.5}{Summary}{}% 23
