This is pdfTeX, Version 3.14159265-2.6-1.40.16 (TeX Live 2015/Debian) (preloaded format=pdflatex 2016.9.17)  24 SEP 2016 02:30
entering extended mode
 restricted \write18 enabled.
 %&-line parsing enabled.
**output.tex
(./output.tex
LaTeX2e <2016/02/01>
Babel <3.9q> and hyphenation patterns for 81 language(s) loaded.
(/usr/share/texlive/texmf-dist/tex/latex/base/article.cls
Document Class: article 2014/09/29 v1.4h Standard LaTeX document class
(/usr/share/texlive/texmf-dist/tex/latex/base/size10.clo
File: size10.clo 2014/09/29 v1.4h Standard LaTeX file (size option)
)
\c@part=\count79
\c@section=\count80
\c@subsection=\count81
\c@subsubsection=\count82
\c@paragraph=\count83
\c@subparagraph=\count84
\c@figure=\count85
\c@table=\count86
\abovecaptionskip=\skip41
\belowcaptionskip=\skip42
\bibindent=\dimen102
)
(/usr/share/texlive/texmf-dist/tex/latex/base/inputenc.sty
Package: inputenc 2015/03/17 v1.2c Input encoding file
\inpenc@prehook=\toks14
\inpenc@posthook=\toks15

(/usr/share/texlive/texmf-dist/tex/latex/base/latin1.def
File: latin1.def 2015/03/17 v1.2c Input encoding file
))
(/usr/share/texlive/texmf-dist/tex/latex/geometry/geometry.sty
Package: geometry 2010/09/12 v5.6 Page Geometry

(/usr/share/texlive/texmf-dist/tex/latex/graphics/keyval.sty
Package: keyval 2014/10/28 v1.15 key=value parser (DPC)
\KV@toks@=\toks16
)
(/usr/share/texlive/texmf-dist/tex/generic/oberdiek/ifpdf.sty
Package: ifpdf 2011/01/30 v2.3 Provides the ifpdf switch (HO)
Package ifpdf Info: pdfTeX in PDF mode is detected.
)
(/usr/share/texlive/texmf-dist/tex/generic/oberdiek/ifvtex.sty
Package: ifvtex 2010/03/01 v1.5 Detect VTeX and its facilities (HO)
Package ifvtex Info: VTeX not detected.
)
(/usr/share/texlive/texmf-dist/tex/generic/ifxetex/ifxetex.sty
Package: ifxetex 2010/09/12 v0.6 Provides ifxetex conditional
)
\Gm@cnth=\count87
\Gm@cntv=\count88
\c@Gm@tempcnt=\count89
\Gm@bindingoffset=\dimen103
\Gm@wd@mp=\dimen104
\Gm@odd@mp=\dimen105
\Gm@even@mp=\dimen106
\Gm@layoutwidth=\dimen107
\Gm@layoutheight=\dimen108
\Gm@layouthoffset=\dimen109
\Gm@layoutvoffset=\dimen110
\Gm@dimlist=\toks17
)
(/usr/share/texlive/texmf-dist/tex/latex/amsmath/amsmath.sty
Package: amsmath 2016/03/03 v2.15a AMS math features
\@mathmargin=\skip43

For additional information on amsmath, use the `?' option.
(/usr/share/texlive/texmf-dist/tex/latex/amsmath/amstext.sty
Package: amstext 2000/06/29 v2.01 AMS text

(/usr/share/texlive/texmf-dist/tex/latex/amsmath/amsgen.sty
File: amsgen.sty 1999/11/30 v2.0 generic functions
\@emptytoks=\toks18
\ex@=\dimen111
))
(/usr/share/texlive/texmf-dist/tex/latex/amsmath/amsbsy.sty
Package: amsbsy 1999/11/29 v1.2d Bold Symbols
\pmbraise@=\dimen112
)
(/usr/share/texlive/texmf-dist/tex/latex/amsmath/amsopn.sty
Package: amsopn 1999/12/14 v2.01 operator names
)
\inf@bad=\count90
LaTeX Info: Redefining \frac on input line 199.
\uproot@=\count91
\leftroot@=\count92
LaTeX Info: Redefining \overline on input line 297.
\classnum@=\count93
\DOTSCASE@=\count94
LaTeX Info: Redefining \ldots on input line 394.
LaTeX Info: Redefining \dots on input line 397.
LaTeX Info: Redefining \cdots on input line 518.
\Mathstrutbox@=\box26
\strutbox@=\box27
\big@size=\dimen113
LaTeX Font Info:    Redeclaring font encoding OML on input line 630.
LaTeX Font Info:    Redeclaring font encoding OMS on input line 631.
\macc@depth=\count95
\c@MaxMatrixCols=\count96
\dotsspace@=\muskip10
\c@parentequation=\count97
\dspbrk@lvl=\count98
\tag@help=\toks19
\row@=\count99
\column@=\count100
\maxfields@=\count101
\andhelp@=\toks20
\eqnshift@=\dimen114
\alignsep@=\dimen115
\tagshift@=\dimen116
\tagwidth@=\dimen117
\totwidth@=\dimen118
\lineht@=\dimen119
\@envbody=\toks21
\multlinegap=\skip44
\multlinetaggap=\skip45
\mathdisplay@stack=\toks22
LaTeX Info: Redefining \[ on input line 2735.
LaTeX Info: Redefining \] on input line 2736.
)
(/usr/share/texlive/texmf-dist/tex/latex/amsfonts/amsfonts.sty
Package: amsfonts 2013/01/14 v3.01 Basic AMSFonts support
\symAMSa=\mathgroup4
\symAMSb=\mathgroup5
LaTeX Font Info:    Overwriting math alphabet `\mathfrak' in version `bold'
(Font)                  U/euf/m/n --> U/euf/b/n on input line 106.
)
(/usr/share/texlive/texmf-dist/tex/latex/amsfonts/amssymb.sty
Package: amssymb 2013/01/14 v3.01 AMS font symbols
)
(/usr/share/texlive/texmf-dist/tex/latex/graphics/graphicx.sty
Package: graphicx 2014/10/28 v1.0g Enhanced LaTeX Graphics (DPC,SPQR)

(/usr/share/texlive/texmf-dist/tex/latex/graphics/graphics.sty
Package: graphics 2016/01/03 v1.0q Standard LaTeX Graphics (DPC,SPQR)

(/usr/share/texlive/texmf-dist/tex/latex/graphics/trig.sty
Package: trig 2016/01/03 v1.10 sin cos tan (DPC)
)
(/usr/share/texlive/texmf-dist/tex/latex/latexconfig/graphics.cfg
File: graphics.cfg 2010/04/23 v1.9 graphics configuration of TeX Live
)
Package graphics Info: Driver file: pdftex.def on input line 95.

(/usr/share/texlive/texmf-dist/tex/latex/pdftex-def/pdftex.def
File: pdftex.def 2011/05/27 v0.06d Graphics/color for pdfTeX

(/usr/share/texlive/texmf-dist/tex/generic/oberdiek/infwarerr.sty
Package: infwarerr 2010/04/08 v1.3 Providing info/warning/error messages (HO)
)
(/usr/share/texlive/texmf-dist/tex/generic/oberdiek/ltxcmds.sty
Package: ltxcmds 2011/11/09 v1.22 LaTeX kernel commands for general use (HO)
)
\Gread@gobject=\count102
))
\Gin@req@height=\dimen120
\Gin@req@width=\dimen121
)
(/usr/share/texlive/texmf-dist/tex/latex/hyperref/hyperref.sty
Package: hyperref 2012/11/06 v6.83m Hypertext links for LaTeX

(/usr/share/texlive/texmf-dist/tex/generic/oberdiek/hobsub-hyperref.sty
Package: hobsub-hyperref 2012/05/28 v1.13 Bundle oberdiek, subset hyperref (HO)


(/usr/share/texlive/texmf-dist/tex/generic/oberdiek/hobsub-generic.sty
Package: hobsub-generic 2012/05/28 v1.13 Bundle oberdiek, subset generic (HO)
Package: hobsub 2012/05/28 v1.13 Construct package bundles (HO)
Package hobsub Info: Skipping package `infwarerr' (already loaded).
Package hobsub Info: Skipping package `ltxcmds' (already loaded).
Package: ifluatex 2010/03/01 v1.3 Provides the ifluatex switch (HO)
Package ifluatex Info: LuaTeX not detected.
Package hobsub Info: Skipping package `ifvtex' (already loaded).
Package: intcalc 2007/09/27 v1.1 Expandable calculations with integers (HO)
Package hobsub Info: Skipping package `ifpdf' (already loaded).
Package: etexcmds 2011/02/16 v1.5 Avoid name clashes with e-TeX commands (HO)
Package etexcmds Info: Could not find \expanded.
(etexcmds)             That can mean that you are not using pdfTeX 1.50 or
(etexcmds)             that some package has redefined \expanded.
(etexcmds)             In the latter case, load this package earlier.
Package: kvsetkeys 2012/04/25 v1.16 Key value parser (HO)
Package: kvdefinekeys 2011/04/07 v1.3 Define keys (HO)
Package: pdftexcmds 2011/11/29 v0.20 Utility functions of pdfTeX for LuaTeX (HO
)
Package pdftexcmds Info: LuaTeX not detected.
Package pdftexcmds Info: \pdf@primitive is available.
Package pdftexcmds Info: \pdf@ifprimitive is available.
Package pdftexcmds Info: \pdfdraftmode found.
Package: pdfescape 2011/11/25 v1.13 Implements pdfTeX's escape features (HO)
Package: bigintcalc 2012/04/08 v1.3 Expandable calculations on big integers (HO
)
Package: bitset 2011/01/30 v1.1 Handle bit-vector datatype (HO)
Package: uniquecounter 2011/01/30 v1.2 Provide unlimited unique counter (HO)
)
Package hobsub Info: Skipping package `hobsub' (already loaded).
Package: letltxmacro 2010/09/02 v1.4 Let assignment for LaTeX macros (HO)
Package: hopatch 2012/05/28 v1.2 Wrapper for package hooks (HO)
Package: xcolor-patch 2011/01/30 xcolor patch
Package: atveryend 2011/06/30 v1.8 Hooks at the very end of document (HO)
Package atveryend Info: \enddocument detected (standard20110627).
Package: atbegshi 2011/10/05 v1.16 At begin shipout hook (HO)
Package: refcount 2011/10/16 v3.4 Data extraction from label references (HO)
Package: hycolor 2011/01/30 v1.7 Color options for hyperref/bookmark (HO)
)
(/usr/share/texlive/texmf-dist/tex/latex/oberdiek/auxhook.sty
Package: auxhook 2011/03/04 v1.3 Hooks for auxiliary files (HO)
)
(/usr/share/texlive/texmf-dist/tex/latex/oberdiek/kvoptions.sty
Package: kvoptions 2011/06/30 v3.11 Key value format for package options (HO)
)
\@linkdim=\dimen122
\Hy@linkcounter=\count103
\Hy@pagecounter=\count104

(/usr/share/texlive/texmf-dist/tex/latex/hyperref/pd1enc.def
File: pd1enc.def 2012/11/06 v6.83m Hyperref: PDFDocEncoding definition (HO)
)
\Hy@SavedSpaceFactor=\count105

(/usr/share/texlive/texmf-dist/tex/latex/latexconfig/hyperref.cfg
File: hyperref.cfg 2002/06/06 v1.2 hyperref configuration of TeXLive
)
Package hyperref Info: Hyper figures OFF on input line 4443.
Package hyperref Info: Link nesting OFF on input line 4448.
Package hyperref Info: Hyper index ON on input line 4451.
Package hyperref Info: Plain pages OFF on input line 4458.
Package hyperref Info: Backreferencing OFF on input line 4463.
Package hyperref Info: Implicit mode ON; LaTeX internals redefined.
Package hyperref Info: Bookmarks ON on input line 4688.
\c@Hy@tempcnt=\count106

(/usr/share/texlive/texmf-dist/tex/latex/url/url.sty
\Urlmuskip=\muskip11
Package: url 2013/09/16  ver 3.4  Verb mode for urls, etc.
)
LaTeX Info: Redefining \url on input line 5041.
\XeTeXLinkMargin=\dimen123
\Fld@menulength=\count107
\Field@Width=\dimen124
\Fld@charsize=\dimen125
Package hyperref Info: Hyper figures OFF on input line 6295.
Package hyperref Info: Link nesting OFF on input line 6300.
Package hyperref Info: Hyper index ON on input line 6303.
Package hyperref Info: backreferencing OFF on input line 6310.
Package hyperref Info: Link coloring OFF on input line 6315.
Package hyperref Info: Link coloring with OCG OFF on input line 6320.
Package hyperref Info: PDF/A mode OFF on input line 6325.
LaTeX Info: Redefining \ref on input line 6365.
LaTeX Info: Redefining \pageref on input line 6369.
\Hy@abspage=\count108
\c@Item=\count109
\c@Hfootnote=\count110
)

Package hyperref Message: Driver (autodetected): hpdftex.

(/usr/share/texlive/texmf-dist/tex/latex/hyperref/hpdftex.def
File: hpdftex.def 2012/11/06 v6.83m Hyperref driver for pdfTeX
\Fld@listcount=\count111
\c@bookmark@seq@number=\count112

(/usr/share/texlive/texmf-dist/tex/latex/oberdiek/rerunfilecheck.sty
Package: rerunfilecheck 2011/04/15 v1.7 Rerun checks for auxiliary files (HO)
Package uniquecounter Info: New unique counter `rerunfilecheck' on input line 2
82.
)
\Hy@SectionHShift=\skip46
)
(/usr/share/texlive/texmf-dist/tex/latex/pgf/frontendlayer/tikz.sty
(/usr/share/texlive/texmf-dist/tex/latex/pgf/basiclayer/pgf.sty
(/usr/share/texlive/texmf-dist/tex/latex/pgf/utilities/pgfrcs.sty
(/usr/share/texlive/texmf-dist/tex/generic/pgf/utilities/pgfutil-common.tex
\pgfutil@everybye=\toks23
\pgfutil@tempdima=\dimen126
\pgfutil@tempdimb=\dimen127

(/usr/share/texlive/texmf-dist/tex/generic/pgf/utilities/pgfutil-common-lists.t
ex)) (/usr/share/texlive/texmf-dist/tex/generic/pgf/utilities/pgfutil-latex.def
\pgfutil@abb=\box28
(/usr/share/texlive/texmf-dist/tex/latex/ms/everyshi.sty
Package: everyshi 2001/05/15 v3.00 EveryShipout Package (MS)
))
(/usr/share/texlive/texmf-dist/tex/generic/pgf/utilities/pgfrcs.code.tex
Package: pgfrcs 2015/08/07 v3.0.1a (rcs-revision 1.31)
))
Package: pgf 2015/08/07 v3.0.1a (rcs-revision 1.15)

(/usr/share/texlive/texmf-dist/tex/latex/pgf/basiclayer/pgfcore.sty
(/usr/share/texlive/texmf-dist/tex/latex/pgf/systemlayer/pgfsys.sty
(/usr/share/texlive/texmf-dist/tex/generic/pgf/systemlayer/pgfsys.code.tex
Package: pgfsys 2014/07/09 v3.0.1a (rcs-revision 1.48)

(/usr/share/texlive/texmf-dist/tex/generic/pgf/utilities/pgfkeys.code.tex
\pgfkeys@pathtoks=\toks24
\pgfkeys@temptoks=\toks25

(/usr/share/texlive/texmf-dist/tex/generic/pgf/utilities/pgfkeysfiltered.code.t
ex
\pgfkeys@tmptoks=\toks26
))
\pgf@x=\dimen128
\pgf@y=\dimen129
\pgf@xa=\dimen130
\pgf@ya=\dimen131
\pgf@xb=\dimen132
\pgf@yb=\dimen133
\pgf@xc=\dimen134
\pgf@yc=\dimen135
\w@pgf@writea=\write3
\r@pgf@reada=\read1
\c@pgf@counta=\count113
\c@pgf@countb=\count114
\c@pgf@countc=\count115
\c@pgf@countd=\count116
\t@pgf@toka=\toks27
\t@pgf@tokb=\toks28
\t@pgf@tokc=\toks29
 (/usr/share/texlive/texmf-dist/tex/generic/pgf/systemlayer/pgf.cfg
File: pgf.cfg 2008/05/14  (rcs-revision 1.7)
)
Driver file for pgf: pgfsys-pdftex.def

(/usr/share/texlive/texmf-dist/tex/generic/pgf/systemlayer/pgfsys-pdftex.def
File: pgfsys-pdftex.def 2014/10/11  (rcs-revision 1.35)

(/usr/share/texlive/texmf-dist/tex/generic/pgf/systemlayer/pgfsys-common-pdf.de
f
File: pgfsys-common-pdf.def 2013/10/10  (rcs-revision 1.13)
)))
(/usr/share/texlive/texmf-dist/tex/generic/pgf/systemlayer/pgfsyssoftpath.code.
tex
File: pgfsyssoftpath.code.tex 2013/09/09  (rcs-revision 1.9)
\pgfsyssoftpath@smallbuffer@items=\count117
\pgfsyssoftpath@bigbuffer@items=\count118
)
(/usr/share/texlive/texmf-dist/tex/generic/pgf/systemlayer/pgfsysprotocol.code.
tex
File: pgfsysprotocol.code.tex 2006/10/16  (rcs-revision 1.4)
)) (/usr/share/texlive/texmf-dist/tex/latex/xcolor/xcolor.sty
Package: xcolor 2007/01/21 v2.11 LaTeX color extensions (UK)

(/usr/share/texlive/texmf-dist/tex/latex/latexconfig/color.cfg
File: color.cfg 2007/01/18 v1.5 color configuration of teTeX/TeXLive
)
Package xcolor Info: Driver file: pdftex.def on input line 225.
Package xcolor Info: Model `cmy' substituted by `cmy0' on input line 1337.
Package xcolor Info: Model `hsb' substituted by `rgb' on input line 1341.
Package xcolor Info: Model `RGB' extended on input line 1353.
Package xcolor Info: Model `HTML' substituted by `rgb' on input line 1355.
Package xcolor Info: Model `Hsb' substituted by `hsb' on input line 1356.
Package xcolor Info: Model `tHsb' substituted by `hsb' on input line 1357.
Package xcolor Info: Model `HSB' substituted by `hsb' on input line 1358.
Package xcolor Info: Model `Gray' substituted by `gray' on input line 1359.
Package xcolor Info: Model `wave' substituted by `hsb' on input line 1360.
)
(/usr/share/texlive/texmf-dist/tex/generic/pgf/basiclayer/pgfcore.code.tex
Package: pgfcore 2010/04/11 v3.0.1a (rcs-revision 1.7)

(/usr/share/texlive/texmf-dist/tex/generic/pgf/math/pgfmath.code.tex
(/usr/share/texlive/texmf-dist/tex/generic/pgf/math/pgfmathcalc.code.tex
(/usr/share/texlive/texmf-dist/tex/generic/pgf/math/pgfmathutil.code.tex)
(/usr/share/texlive/texmf-dist/tex/generic/pgf/math/pgfmathparser.code.tex
\pgfmath@dimen=\dimen136
\pgfmath@count=\count119
\pgfmath@box=\box29
\pgfmath@toks=\toks30
\pgfmath@stack@operand=\toks31
\pgfmath@stack@operation=\toks32
)
(/usr/share/texlive/texmf-dist/tex/generic/pgf/math/pgfmathfunctions.code.tex
(/usr/share/texlive/texmf-dist/tex/generic/pgf/math/pgfmathfunctions.basic.code
.tex)
(/usr/share/texlive/texmf-dist/tex/generic/pgf/math/pgfmathfunctions.trigonomet
ric.code.tex)
(/usr/share/texlive/texmf-dist/tex/generic/pgf/math/pgfmathfunctions.random.cod
e.tex)
(/usr/share/texlive/texmf-dist/tex/generic/pgf/math/pgfmathfunctions.comparison
.code.tex)
(/usr/share/texlive/texmf-dist/tex/generic/pgf/math/pgfmathfunctions.base.code.
tex)
(/usr/share/texlive/texmf-dist/tex/generic/pgf/math/pgfmathfunctions.round.code
.tex)
(/usr/share/texlive/texmf-dist/tex/generic/pgf/math/pgfmathfunctions.misc.code.
tex)
(/usr/share/texlive/texmf-dist/tex/generic/pgf/math/pgfmathfunctions.integerari
thmetics.code.tex)))
(/usr/share/texlive/texmf-dist/tex/generic/pgf/math/pgfmathfloat.code.tex
\c@pgfmathroundto@lastzeros=\count120
))
(/usr/share/texlive/texmf-dist/tex/generic/pgf/basiclayer/pgfcorepoints.code.te
x
File: pgfcorepoints.code.tex 2013/10/07  (rcs-revision 1.27)
\pgf@picminx=\dimen137
\pgf@picmaxx=\dimen138
\pgf@picminy=\dimen139
\pgf@picmaxy=\dimen140
\pgf@pathminx=\dimen141
\pgf@pathmaxx=\dimen142
\pgf@pathminy=\dimen143
\pgf@pathmaxy=\dimen144
\pgf@xx=\dimen145
\pgf@xy=\dimen146
\pgf@yx=\dimen147
\pgf@yy=\dimen148
\pgf@zx=\dimen149
\pgf@zy=\dimen150
)
(/usr/share/texlive/texmf-dist/tex/generic/pgf/basiclayer/pgfcorepathconstruct.
code.tex
File: pgfcorepathconstruct.code.tex 2013/10/07  (rcs-revision 1.29)
\pgf@path@lastx=\dimen151
\pgf@path@lasty=\dimen152
)
(/usr/share/texlive/texmf-dist/tex/generic/pgf/basiclayer/pgfcorepathusage.code
.tex
File: pgfcorepathusage.code.tex 2014/11/02  (rcs-revision 1.24)
\pgf@shorten@end@additional=\dimen153
\pgf@shorten@start@additional=\dimen154
)
(/usr/share/texlive/texmf-dist/tex/generic/pgf/basiclayer/pgfcorescopes.code.te
x
File: pgfcorescopes.code.tex 2015/05/08  (rcs-revision 1.46)
\pgfpic=\box30
\pgf@hbox=\box31
\pgf@layerbox@main=\box32
\pgf@picture@serial@count=\count121
)
(/usr/share/texlive/texmf-dist/tex/generic/pgf/basiclayer/pgfcoregraphicstate.c
ode.tex
File: pgfcoregraphicstate.code.tex 2014/11/02  (rcs-revision 1.12)
\pgflinewidth=\dimen155
)
(/usr/share/texlive/texmf-dist/tex/generic/pgf/basiclayer/pgfcoretransformation
s.code.tex
File: pgfcoretransformations.code.tex 2015/08/07  (rcs-revision 1.20)
\pgf@pt@x=\dimen156
\pgf@pt@y=\dimen157
\pgf@pt@temp=\dimen158
)
(/usr/share/texlive/texmf-dist/tex/generic/pgf/basiclayer/pgfcorequick.code.tex
File: pgfcorequick.code.tex 2008/10/09  (rcs-revision 1.3)
)
(/usr/share/texlive/texmf-dist/tex/generic/pgf/basiclayer/pgfcoreobjects.code.t
ex
File: pgfcoreobjects.code.tex 2006/10/11  (rcs-revision 1.2)
)
(/usr/share/texlive/texmf-dist/tex/generic/pgf/basiclayer/pgfcorepathprocessing
.code.tex
File: pgfcorepathprocessing.code.tex 2013/09/09  (rcs-revision 1.9)
)
(/usr/share/texlive/texmf-dist/tex/generic/pgf/basiclayer/pgfcorearrows.code.te
x
File: pgfcorearrows.code.tex 2015/05/14  (rcs-revision 1.43)
\pgfarrowsep=\dimen159
)
(/usr/share/texlive/texmf-dist/tex/generic/pgf/basiclayer/pgfcoreshade.code.tex
File: pgfcoreshade.code.tex 2013/07/15  (rcs-revision 1.15)
\pgf@max=\dimen160
\pgf@sys@shading@range@num=\count122
)
(/usr/share/texlive/texmf-dist/tex/generic/pgf/basiclayer/pgfcoreimage.code.tex
File: pgfcoreimage.code.tex 2013/07/15  (rcs-revision 1.18)

(/usr/share/texlive/texmf-dist/tex/generic/pgf/basiclayer/pgfcoreexternal.code.
tex
File: pgfcoreexternal.code.tex 2014/07/09  (rcs-revision 1.21)
\pgfexternal@startupbox=\box33
))
(/usr/share/texlive/texmf-dist/tex/generic/pgf/basiclayer/pgfcorelayers.code.te
x
File: pgfcorelayers.code.tex 2013/07/18  (rcs-revision 1.7)
)
(/usr/share/texlive/texmf-dist/tex/generic/pgf/basiclayer/pgfcoretransparency.c
ode.tex
File: pgfcoretransparency.code.tex 2013/09/30  (rcs-revision 1.5)
)
(/usr/share/texlive/texmf-dist/tex/generic/pgf/basiclayer/pgfcorepatterns.code.
tex
File: pgfcorepatterns.code.tex 2013/11/07  (rcs-revision 1.5)
)))
(/usr/share/texlive/texmf-dist/tex/generic/pgf/modules/pgfmoduleshapes.code.tex
File: pgfmoduleshapes.code.tex 2014/03/21  (rcs-revision 1.35)
\pgfnodeparttextbox=\box34
) (/usr/share/texlive/texmf-dist/tex/generic/pgf/modules/pgfmoduleplot.code.tex
File: pgfmoduleplot.code.tex 2015/08/03  (rcs-revision 1.13)
)
(/usr/share/texlive/texmf-dist/tex/latex/pgf/compatibility/pgfcomp-version-0-65
.sty
Package: pgfcomp-version-0-65 2007/07/03 v3.0.1a (rcs-revision 1.7)
\pgf@nodesepstart=\dimen161
\pgf@nodesepend=\dimen162
)
(/usr/share/texlive/texmf-dist/tex/latex/pgf/compatibility/pgfcomp-version-1-18
.sty
Package: pgfcomp-version-1-18 2007/07/23 v3.0.1a (rcs-revision 1.1)
)) (/usr/share/texlive/texmf-dist/tex/latex/pgf/utilities/pgffor.sty
(/usr/share/texlive/texmf-dist/tex/latex/pgf/utilities/pgfkeys.sty
(/usr/share/texlive/texmf-dist/tex/generic/pgf/utilities/pgfkeys.code.tex))
(/usr/share/texlive/texmf-dist/tex/latex/pgf/math/pgfmath.sty
(/usr/share/texlive/texmf-dist/tex/generic/pgf/math/pgfmath.code.tex))
(/usr/share/texlive/texmf-dist/tex/generic/pgf/utilities/pgffor.code.tex
Package: pgffor 2013/12/13 v3.0.1a (rcs-revision 1.25)

(/usr/share/texlive/texmf-dist/tex/generic/pgf/math/pgfmath.code.tex)
\pgffor@iter=\dimen163
\pgffor@skip=\dimen164
\pgffor@stack=\toks33
\pgffor@toks=\toks34
))
(/usr/share/texlive/texmf-dist/tex/generic/pgf/frontendlayer/tikz/tikz.code.tex
Package: tikz 2015/08/07 v3.0.1a (rcs-revision 1.151)

(/usr/share/texlive/texmf-dist/tex/generic/pgf/libraries/pgflibraryplothandlers
.code.tex
File: pgflibraryplothandlers.code.tex 2013/08/31 v3.0.1a (rcs-revision 1.20)
\pgf@plot@mark@count=\count123
\pgfplotmarksize=\dimen165
)
\tikz@lastx=\dimen166
\tikz@lasty=\dimen167
\tikz@lastxsaved=\dimen168
\tikz@lastysaved=\dimen169
\tikzleveldistance=\dimen170
\tikzsiblingdistance=\dimen171
\tikz@figbox=\box35
\tikz@figbox@bg=\box36
\tikz@tempbox=\box37
\tikz@tempbox@bg=\box38
\tikztreelevel=\count124
\tikznumberofchildren=\count125
\tikznumberofcurrentchild=\count126
\tikz@fig@count=\count127

(/usr/share/texlive/texmf-dist/tex/generic/pgf/modules/pgfmodulematrix.code.tex
File: pgfmodulematrix.code.tex 2013/09/17  (rcs-revision 1.8)
\pgfmatrixcurrentrow=\count128
\pgfmatrixcurrentcolumn=\count129
\pgf@matrix@numberofcolumns=\count130
)
\tikz@expandcount=\count131

(/usr/share/texlive/texmf-dist/tex/generic/pgf/frontendlayer/tikz/libraries/tik
zlibrarytopaths.code.tex
File: tikzlibrarytopaths.code.tex 2008/06/17 v3.0.1a (rcs-revision 1.2)
)))
(/usr/share/texlive/texmf-dist/tex/latex/algorithmicx/algpseudocode.sty
Package: algpseudocode 

(/usr/share/texlive/texmf-dist/tex/latex/base/ifthen.sty
Package: ifthen 2014/09/29 v1.1c Standard LaTeX ifthen package (DPC)
)
(/usr/share/texlive/texmf-dist/tex/latex/algorithmicx/algorithmicx.sty
Package: algorithmicx 2005/04/27 v1.2 Algorithmicx

Document Style algorithmicx 1.2 - a greatly improved `algorithmic' style
\c@ALG@line=\count132
\c@ALG@rem=\count133
\c@ALG@nested=\count134
\ALG@tlm=\skip47
\ALG@thistlm=\skip48
\c@ALG@Lnr=\count135
\c@ALG@blocknr=\count136
\c@ALG@storecount=\count137
\c@ALG@tmpcounter=\count138
\ALG@tmplength=\skip49
)
Document Style - pseudocode environments for use with the `algorithmicx' style
) (/usr/share/texlive/texmf-dist/tex/latex/forloop/forloop.sty
Package: forloop 2006/09/18 v3.0 For Loops for LaTeX
)
\c@population=\count139
\c@numcol=\count140

(/usr/share/texlive/texmf-dist/tex/latex/fancyhdr/fancyhdr.sty
\fancy@headwidth=\skip50
\f@ncyO@elh=\skip51
\f@ncyO@erh=\skip52
\f@ncyO@olh=\skip53
\f@ncyO@orh=\skip54
\f@ncyO@elf=\skip55
\f@ncyO@erf=\skip56
\f@ncyO@olf=\skip57
\f@ncyO@orf=\skip58
)

Package Fancyhdr Warning: \fancyfoot's `E' option without twoside option is use
less on input line 21.

(./output.aux)
\openout1 = `output.aux'.

LaTeX Font Info:    Checking defaults for OML/cmm/m/it on input line 40.
LaTeX Font Info:    ... okay on input line 40.
LaTeX Font Info:    Checking defaults for T1/cmr/m/n on input line 40.
LaTeX Font Info:    ... okay on input line 40.
LaTeX Font Info:    Checking defaults for OT1/cmr/m/n on input line 40.
LaTeX Font Info:    ... okay on input line 40.
LaTeX Font Info:    Checking defaults for OMS/cmsy/m/n on input line 40.
LaTeX Font Info:    ... okay on input line 40.
LaTeX Font Info:    Checking defaults for OMX/cmex/m/n on input line 40.
LaTeX Font Info:    ... okay on input line 40.
LaTeX Font Info:    Checking defaults for U/cmr/m/n on input line 40.
LaTeX Font Info:    ... okay on input line 40.
LaTeX Font Info:    Checking defaults for PD1/pdf/m/n on input line 40.
LaTeX Font Info:    ... okay on input line 40.

*geometry* driver: auto-detecting
*geometry* detected driver: pdftex
*geometry* verbose mode - [ preamble ] result:
* driver: pdftex
* paper: a4paper
* layout: <same size as paper>
* layoutoffset:(h,v)=(0.0pt,0.0pt)
* modes: 
* h-part:(L,W,R)=(72.26999pt, 452.9679pt, 72.26999pt)
* v-part:(T,H,B)=(72.26999pt, 700.50687pt, 72.26999pt)
* \paperwidth=597.50787pt
* \paperheight=845.04684pt
* \textwidth=452.9679pt
* \textheight=700.50687pt
* \oddsidemargin=0.0pt
* \evensidemargin=0.0pt
* \topmargin=-37.0pt
* \headheight=12.0pt
* \headsep=25.0pt
* \topskip=10.0pt
* \footskip=30.0pt
* \marginparwidth=57.0pt
* \marginparsep=11.0pt
* \columnsep=10.0pt
* \skip\footins=9.0pt plus 4.0pt minus 2.0pt
* \hoffset=0.0pt
* \voffset=0.0pt
* \mag=1000
* \@twocolumnfalse
* \@twosidefalse
* \@mparswitchfalse
* \@reversemarginfalse
* (1in=72.27pt=25.4mm, 1cm=28.453pt)

(/usr/share/texlive/texmf-dist/tex/context/base/supp-pdf.mkii
[Loading MPS to PDF converter (version 2006.09.02).]
\scratchcounter=\count141
\scratchdimen=\dimen172
\scratchbox=\box39
\nofMPsegments=\count142
\nofMParguments=\count143
\everyMPshowfont=\toks35
\MPscratchCnt=\count144
\MPscratchDim=\dimen173
\MPnumerator=\count145
\makeMPintoPDFobject=\count146
\everyMPtoPDFconversion=\toks36
) (/usr/share/texlive/texmf-dist/tex/latex/oberdiek/epstopdf-base.sty
Package: epstopdf-base 2010/02/09 v2.5 Base part for package epstopdf

(/usr/share/texlive/texmf-dist/tex/latex/oberdiek/grfext.sty
Package: grfext 2010/08/19 v1.1 Manage graphics extensions (HO)
)
Package grfext Info: Graphics extension search list:
(grfext)             [.png,.pdf,.jpg,.mps,.jpeg,.jbig2,.jb2,.PNG,.PDF,.JPG,.JPE
G,.JBIG2,.JB2,.eps]
(grfext)             \AppendGraphicsExtensions on input line 452.

(/usr/share/texlive/texmf-dist/tex/latex/latexconfig/epstopdf-sys.cfg
File: epstopdf-sys.cfg 2010/07/13 v1.3 Configuration of (r)epstopdf for TeX Liv
e
))
\AtBeginShipoutBox=\box40
Package hyperref Info: Link coloring OFF on input line 40.

(/usr/share/texlive/texmf-dist/tex/latex/hyperref/nameref.sty
Package: nameref 2012/10/27 v2.43 Cross-referencing by name of section

(/usr/share/texlive/texmf-dist/tex/generic/oberdiek/gettitlestring.sty
Package: gettitlestring 2010/12/03 v1.4 Cleanup title references (HO)
)
\c@section@level=\count147
)
LaTeX Info: Redefining \ref on input line 40.
LaTeX Info: Redefining \pageref on input line 40.
LaTeX Info: Redefining \nameref on input line 40.

(./output.out) (./output.out)
\@outlinefile=\write4
\openout4 = `output.out'.

 ABD: EveryShipout initializing macros

LaTeX Font Warning: Font shape `OT1/cmr/m/n' in size <24> not available
(Font)              size <24.88> substituted on input line 43.


LaTeX Font Warning: Font shape `OT1/cmr/bx/n' in size <24> not available
(Font)              size <24.88> substituted on input line 43.

LaTeX Font Info:    Try loading font information for U+msa on input line 43.
(/usr/share/texlive/texmf-dist/tex/latex/amsfonts/umsa.fd
File: umsa.fd 2013/01/14 v3.01 AMS symbols A
)
LaTeX Font Info:    Try loading font information for U+msb on input line 43.

(/usr/share/texlive/texmf-dist/tex/latex/amsfonts/umsb.fd
File: umsb.fd 2013/01/14 v3.01 AMS symbols B
)
<../results/min_conflicts/map_build/minconf_I00001.pdf, id=28, 1004.75375pt x 1
004.75375pt>
File: ../results/min_conflicts/map_build/minconf_I00001.pdf Graphic file (type 
pdf)
 <use ../results/min_conflicts/map_build/minconf_I00001.pdf>
Package pdftex.def Info: ../results/min_conflicts/map_build/minconf_I00001.pdf 
used on input line 50.
(pdftex.def)             Requested size: 100.48126pt x 100.48126pt.

<../results/min_conflicts/map_build/minconf_I00002.pdf, id=29, 1004.75375pt x 1
004.75375pt>
File: ../results/min_conflicts/map_build/minconf_I00002.pdf Graphic file (type 
pdf)
 <use ../results/min_conflicts/map_build/minconf_I00002.pdf>
Package pdftex.def Info: ../results/min_conflicts/map_build/minconf_I00002.pdf 
used on input line 51.
(pdftex.def)             Requested size: 100.48126pt x 100.48126pt.

<../results/min_conflicts/map_build/minconf_I00003.pdf, id=30, 1004.75375pt x 1
004.75375pt>
File: ../results/min_conflicts/map_build/minconf_I00003.pdf Graphic file (type 
pdf)
 <use ../results/min_conflicts/map_build/minconf_I00003.pdf>
Package pdftex.def Info: ../results/min_conflicts/map_build/minconf_I00003.pdf 
used on input line 52.
(pdftex.def)             Requested size: 100.48126pt x 100.48126pt.

<../results/min_conflicts/map_build/minconf_I00004.pdf, id=31, 1004.75375pt x 1
004.75375pt>
File: ../results/min_conflicts/map_build/minconf_I00004.pdf Graphic file (type 
pdf)
 <use ../results/min_conflicts/map_build/minconf_I00004.pdf>
Package pdftex.def Info: ../results/min_conflicts/map_build/minconf_I00004.pdf 
used on input line 53.
(pdftex.def)             Requested size: 100.48126pt x 100.48126pt.

<../results/min_conflicts/map_build/minconf_I00005.pdf, id=32, 1004.75375pt x 1
004.75375pt>
File: ../results/min_conflicts/map_build/minconf_I00005.pdf Graphic file (type 
pdf)
 <use ../results/min_conflicts/map_build/minconf_I00005.pdf>
Package pdftex.def Info: ../results/min_conflicts/map_build/minconf_I00005.pdf 
used on input line 55.
(pdftex.def)             Requested size: 100.48126pt x 100.48126pt.

<../results/min_conflicts/map_build/minconf_I00006.pdf, id=33, 1004.75375pt x 1
004.75375pt>
File: ../results/min_conflicts/map_build/minconf_I00006.pdf Graphic file (type 
pdf)
 <use ../results/min_conflicts/map_build/minconf_I00006.pdf>
Package pdftex.def Info: ../results/min_conflicts/map_build/minconf_I00006.pdf 
used on input line 56.
(pdftex.def)             Requested size: 100.48126pt x 100.48126pt.

<../results/min_conflicts/map_build/minconf_I00007.pdf, id=34, 1004.75375pt x 1
004.75375pt>
File: ../results/min_conflicts/map_build/minconf_I00007.pdf Graphic file (type 
pdf)
 <use ../results/min_conflicts/map_build/minconf_I00007.pdf>
Package pdftex.def Info: ../results/min_conflicts/map_build/minconf_I00007.pdf 
used on input line 57.
(pdftex.def)             Requested size: 100.48126pt x 100.48126pt.

<../results/min_conflicts/map_build/minconf_I00008.pdf, id=35, 1004.75375pt x 1
004.75375pt>
File: ../results/min_conflicts/map_build/minconf_I00008.pdf Graphic file (type 
pdf)
 <use ../results/min_conflicts/map_build/minconf_I00008.pdf>
Package pdftex.def Info: ../results/min_conflicts/map_build/minconf_I00008.pdf 
used on input line 58.
(pdftex.def)             Requested size: 100.48126pt x 100.48126pt.

<../results/min_conflicts/map_build/minconf_I00009.pdf, id=36, 1004.75375pt x 1
004.75375pt>
File: ../results/min_conflicts/map_build/minconf_I00009.pdf Graphic file (type 
pdf)
 <use ../results/min_conflicts/map_build/minconf_I00009.pdf>
Package pdftex.def Info: ../results/min_conflicts/map_build/minconf_I00009.pdf 
used on input line 60.
(pdftex.def)             Requested size: 100.48126pt x 100.48126pt.

<../results/min_conflicts/map_build/minconf_I00010.pdf, id=37, 1004.75375pt x 1
004.75375pt>
File: ../results/min_conflicts/map_build/minconf_I00010.pdf Graphic file (type 
pdf)
 <use ../results/min_conflicts/map_build/minconf_I00010.pdf>
Package pdftex.def Info: ../results/min_conflicts/map_build/minconf_I00010.pdf 
used on input line 61.
(pdftex.def)             Requested size: 100.48126pt x 100.48126pt.

<../results/backtracking_simple/map_build/bt_simple_I00001.pdf, id=38, 1004.753
75pt x 1004.75375pt>
File: ../results/backtracking_simple/map_build/bt_simple_I00001.pdf Graphic fil
e (type pdf)

<use ../results/backtracking_simple/map_build/bt_simple_I00001.pdf>
Package pdftex.def Info: ../results/backtracking_simple/map_build/bt_simple_I00
001.pdf used on input line 68.
(pdftex.def)             Requested size: 100.48126pt x 100.48126pt.

<../results/backtracking_simple/map_build/bt_simple_I00002.pdf, id=39, 1004.753
75pt x 1004.75375pt>
File: ../results/backtracking_simple/map_build/bt_simple_I00002.pdf Graphic fil
e (type pdf)

<use ../results/backtracking_simple/map_build/bt_simple_I00002.pdf>
Package pdftex.def Info: ../results/backtracking_simple/map_build/bt_simple_I00
002.pdf used on input line 69.
(pdftex.def)             Requested size: 100.48126pt x 100.48126pt.

<../results/backtracking_simple/map_build/bt_simple_I00003.pdf, id=40, 1004.753
75pt x 1004.75375pt>
File: ../results/backtracking_simple/map_build/bt_simple_I00003.pdf Graphic fil
e (type pdf)

<use ../results/backtracking_simple/map_build/bt_simple_I00003.pdf>
Package pdftex.def Info: ../results/backtracking_simple/map_build/bt_simple_I00
003.pdf used on input line 70.
(pdftex.def)             Requested size: 100.48126pt x 100.48126pt.

<../results/backtracking_simple/map_build/bt_simple_I00004.pdf, id=41, 1004.753
75pt x 1004.75375pt>
File: ../results/backtracking_simple/map_build/bt_simple_I00004.pdf Graphic fil
e (type pdf)

<use ../results/backtracking_simple/map_build/bt_simple_I00004.pdf>
Package pdftex.def Info: ../results/backtracking_simple/map_build/bt_simple_I00
004.pdf used on input line 71.
(pdftex.def)             Requested size: 100.48126pt x 100.48126pt.

<../results/backtracking_simple/map_build/bt_simple_I00005.pdf, id=42, 1004.753
75pt x 1004.75375pt>
File: ../results/backtracking_simple/map_build/bt_simple_I00005.pdf Graphic fil
e (type pdf)

<use ../results/backtracking_simple/map_build/bt_simple_I00005.pdf>
Package pdftex.def Info: ../results/backtracking_simple/map_build/bt_simple_I00
005.pdf used on input line 73.
(pdftex.def)             Requested size: 100.48126pt x 100.48126pt.

<../results/backtracking_simple/map_build/bt_simple_I00006.pdf, id=43, 1004.753
75pt x 1004.75375pt>
File: ../results/backtracking_simple/map_build/bt_simple_I00006.pdf Graphic fil
e (type pdf)

<use ../results/backtracking_simple/map_build/bt_simple_I00006.pdf>
Package pdftex.def Info: ../results/backtracking_simple/map_build/bt_simple_I00
006.pdf used on input line 74.
(pdftex.def)             Requested size: 100.48126pt x 100.48126pt.

<../results/backtracking_simple/map_build/bt_simple_I00007.pdf, id=44, 1004.753
75pt x 1004.75375pt>
File: ../results/backtracking_simple/map_build/bt_simple_I00007.pdf Graphic fil
e (type pdf)

<use ../results/backtracking_simple/map_build/bt_simple_I00007.pdf>
Package pdftex.def Info: ../results/backtracking_simple/map_build/bt_simple_I00
007.pdf used on input line 75.
(pdftex.def)             Requested size: 100.48126pt x 100.48126pt.

<../results/backtracking_simple/map_build/bt_simple_I00008.pdf, id=45, 1004.753
75pt x 1004.75375pt>
File: ../results/backtracking_simple/map_build/bt_simple_I00008.pdf Graphic fil
e (type pdf)

<use ../results/backtracking_simple/map_build/bt_simple_I00008.pdf>
Package pdftex.def Info: ../results/backtracking_simple/map_build/bt_simple_I00
008.pdf used on input line 76.
(pdftex.def)             Requested size: 100.48126pt x 100.48126pt.

<../results/backtracking_simple/map_build/bt_simple_I00009.pdf, id=46, 1004.753
75pt x 1004.75375pt>
File: ../results/backtracking_simple/map_build/bt_simple_I00009.pdf Graphic fil
e (type pdf)

<use ../results/backtracking_simple/map_build/bt_simple_I00009.pdf>
Package pdftex.def Info: ../results/backtracking_simple/map_build/bt_simple_I00
009.pdf used on input line 78.
(pdftex.def)             Requested size: 100.48126pt x 100.48126pt.

<../results/backtracking_simple/map_build/bt_simple_I00010.pdf, id=47, 1004.753
75pt x 1004.75375pt>
File: ../results/backtracking_simple/map_build/bt_simple_I00010.pdf Graphic fil
e (type pdf)

<use ../results/backtracking_simple/map_build/bt_simple_I00010.pdf>
Package pdftex.def Info: ../results/backtracking_simple/map_build/bt_simple_I00
010.pdf used on input line 79.
(pdftex.def)             Requested size: 100.48126pt x 100.48126pt.

<../results/backtracking_simple/map_build/bt_simple_I00011.pdf, id=48, 1004.753
75pt x 1004.75375pt>
File: ../results/backtracking_simple/map_build/bt_simple_I00011.pdf Graphic fil
e (type pdf)

<use ../results/backtracking_simple/map_build/bt_simple_I00011.pdf>
Package pdftex.def Info: ../results/backtracking_simple/map_build/bt_simple_I00
011.pdf used on input line 80.
(pdftex.def)             Requested size: 100.48126pt x 100.48126pt.

<../results/backtracking_simple/map_build/bt_simple_I00012.pdf, id=49, 1004.753
75pt x 1004.75375pt>
File: ../results/backtracking_simple/map_build/bt_simple_I00012.pdf Graphic fil
e (type pdf)

<use ../results/backtracking_simple/map_build/bt_simple_I00012.pdf>
Package pdftex.def Info: ../results/backtracking_simple/map_build/bt_simple_I00
012.pdf used on input line 81.
(pdftex.def)             Requested size: 100.48126pt x 100.48126pt.

<../results/backtracking_simple/map_build/bt_simple_I00013.pdf, id=50, 1004.753
75pt x 1004.75375pt>
File: ../results/backtracking_simple/map_build/bt_simple_I00013.pdf Graphic fil
e (type pdf)

<use ../results/backtracking_simple/map_build/bt_simple_I00013.pdf>
Package pdftex.def Info: ../results/backtracking_simple/map_build/bt_simple_I00
013.pdf used on input line 83.
(pdftex.def)             Requested size: 100.48126pt x 100.48126pt.

<../results/backtracking_simple/map_build/bt_simple_I00014.pdf, id=51, 1004.753
75pt x 1004.75375pt>
File: ../results/backtracking_simple/map_build/bt_simple_I00014.pdf Graphic fil
e (type pdf)

<use ../results/backtracking_simple/map_build/bt_simple_I00014.pdf>
Package pdftex.def Info: ../results/backtracking_simple/map_build/bt_simple_I00
014.pdf used on input line 84.
(pdftex.def)             Requested size: 100.48126pt x 100.48126pt.

<../results/backtracking_simple/map_build/bt_simple_I00015.pdf, id=52, 1004.753
75pt x 1004.75375pt>
File: ../results/backtracking_simple/map_build/bt_simple_I00015.pdf Graphic fil
e (type pdf)

<use ../results/backtracking_simple/map_build/bt_simple_I00015.pdf>
Package pdftex.def Info: ../results/backtracking_simple/map_build/bt_simple_I00
015.pdf used on input line 85.
(pdftex.def)             Requested size: 100.48126pt x 100.48126pt.

<../results/backtracking_simple/map_build/bt_simple_I00016.pdf, id=53, 1004.753
75pt x 1004.75375pt>
File: ../results/backtracking_simple/map_build/bt_simple_I00016.pdf Graphic fil
e (type pdf)

<use ../results/backtracking_simple/map_build/bt_simple_I00016.pdf>
Package pdftex.def Info: ../results/backtracking_simple/map_build/bt_simple_I00
016.pdf used on input line 86.
(pdftex.def)             Requested size: 100.48126pt x 100.48126pt.

<../results/backtracking_simple/map_build/bt_simple_I00017.pdf, id=54, 1004.753
75pt x 1004.75375pt>
File: ../results/backtracking_simple/map_build/bt_simple_I00017.pdf Graphic fil
e (type pdf)

<use ../results/backtracking_simple/map_build/bt_simple_I00017.pdf>
Package pdftex.def Info: ../results/backtracking_simple/map_build/bt_simple_I00
017.pdf used on input line 88.
(pdftex.def)             Requested size: 100.48126pt x 100.48126pt.

<../results/backtracking_simple/map_build/bt_simple_I00018.pdf, id=55, 1004.753
75pt x 1004.75375pt>
File: ../results/backtracking_simple/map_build/bt_simple_I00018.pdf Graphic fil
e (type pdf)

<use ../results/backtracking_simple/map_build/bt_simple_I00018.pdf>
Package pdftex.def Info: ../results/backtracking_simple/map_build/bt_simple_I00
018.pdf used on input line 89.
(pdftex.def)             Requested size: 100.48126pt x 100.48126pt.

<../results/backtracking_simple/map_build/bt_simple_I00019.pdf, id=56, 1004.753
75pt x 1004.75375pt>
File: ../results/backtracking_simple/map_build/bt_simple_I00019.pdf Graphic fil
e (type pdf)

<use ../results/backtracking_simple/map_build/bt_simple_I00019.pdf>
Package pdftex.def Info: ../results/backtracking_simple/map_build/bt_simple_I00
019.pdf used on input line 90.
(pdftex.def)             Requested size: 100.48126pt x 100.48126pt.

<../results/backtracking_simple/map_build/bt_simple_I00020.pdf, id=57, 1004.753
75pt x 1004.75375pt>
File: ../results/backtracking_simple/map_build/bt_simple_I00020.pdf Graphic fil
e (type pdf)

<use ../results/backtracking_simple/map_build/bt_simple_I00020.pdf>
Package pdftex.def Info: ../results/backtracking_simple/map_build/bt_simple_I00
020.pdf used on input line 91.
(pdftex.def)             Requested size: 100.48126pt x 100.48126pt.
 [1{/var/lib/texmf/fonts/map/pdftex/updmap/pdftex.map}

 <../results/min_conflicts/map_build/minconf_I00001.pdf> <../results/min_confli
cts/map_build/minconf_I00002.pdf

pdfTeX warning: /usr/bin/pdflatex (file ../results/min_conflicts/map_build/minc
onf_I00002.pdf): PDF inclusion: multiple pdfs with page group included in a sin
gle page
> <../results/min_conflicts/map_build/minconf_I00003.pdf

pdfTeX warning: /usr/bin/pdflatex (file ../results/min_conflicts/map_build/minc
onf_I00003.pdf): PDF inclusion: multiple pdfs with page group included in a sin
gle page
> <../results/min_conflicts/map_build/minconf_I00004.pdf

pdfTeX warning: /usr/bin/pdflatex (file ../results/min_conflicts/map_build/minc
onf_I00004.pdf): PDF inclusion: multiple pdfs with page group included in a sin
gle page
> <../results/min_conflicts/map_build/minconf_I00005.pdf

pdfTeX warning: /usr/bin/pdflatex (file ../results/min_conflicts/map_build/minc
onf_I00005.pdf): PDF inclusion: multiple pdfs with page group included in a sin
gle page
> <../results/min_conflicts/map_build/minconf_I00006.pdf

pdfTeX warning: /usr/bin/pdflatex (file ../results/min_conflicts/map_build/minc
onf_I00006.pdf): PDF inclusion: multiple pdfs with page group included in a sin
gle page
> <../results/min_conflicts/map_build/minconf_I00007.pdf

pdfTeX warning: /usr/bin/pdflatex (file ../results/min_conflicts/map_build/minc
onf_I00007.pdf): PDF inclusion: multiple pdfs with page group included in a sin
gle page
> <../results/min_conflicts/map_build/minconf_I00008.pdf

pdfTeX warning: /usr/bin/pdflatex (file ../results/min_conflicts/map_build/minc
onf_I00008.pdf): PDF inclusion: multiple pdfs with page group included in a sin
gle page
> <../results/min_conflicts/map_build/minconf_I00009.pdf

pdfTeX warning: /usr/bin/pdflatex (file ../results/min_conflicts/map_build/minc
onf_I00009.pdf): PDF inclusion: multiple pdfs with page group included in a sin
gle page
> <../results/min_conflicts/map_build/minconf_I00010.pdf

pdfTeX warning: /usr/bin/pdflatex (file ../results/min_conflicts/map_build/minc
onf_I00010.pdf): PDF inclusion: multiple pdfs with page group included in a sin
gle page
>]
<../results/backtracking_forward/map_build/bt_forward_I00001.pdf, id=140, 1004.
75375pt x 1004.75375pt>
File: ../results/backtracking_forward/map_build/bt_forward_I00001.pdf Graphic f
ile (type pdf)

<use ../results/backtracking_forward/map_build/bt_forward_I00001.pdf>
Package pdftex.def Info: ../results/backtracking_forward/map_build/bt_forward_I
00001.pdf used on input line 100.
(pdftex.def)             Requested size: 100.48126pt x 100.48126pt.

<../results/backtracking_forward/map_build/bt_forward_I00002.pdf, id=141, 1004.
75375pt x 1004.75375pt>
File: ../results/backtracking_forward/map_build/bt_forward_I00002.pdf Graphic f
ile (type pdf)

<use ../results/backtracking_forward/map_build/bt_forward_I00002.pdf>
Package pdftex.def Info: ../results/backtracking_forward/map_build/bt_forward_I
00002.pdf used on input line 101.
(pdftex.def)             Requested size: 100.48126pt x 100.48126pt.

<../results/backtracking_forward/map_build/bt_forward_I00003.pdf, id=142, 1004.
75375pt x 1004.75375pt>
File: ../results/backtracking_forward/map_build/bt_forward_I00003.pdf Graphic f
ile (type pdf)

<use ../results/backtracking_forward/map_build/bt_forward_I00003.pdf>
Package pdftex.def Info: ../results/backtracking_forward/map_build/bt_forward_I
00003.pdf used on input line 102.
(pdftex.def)             Requested size: 100.48126pt x 100.48126pt.

<../results/backtracking_forward/map_build/bt_forward_I00004.pdf, id=143, 1004.
75375pt x 1004.75375pt>
File: ../results/backtracking_forward/map_build/bt_forward_I00004.pdf Graphic f
ile (type pdf)

<use ../results/backtracking_forward/map_build/bt_forward_I00004.pdf>
Package pdftex.def Info: ../results/backtracking_forward/map_build/bt_forward_I
00004.pdf used on input line 103.
(pdftex.def)             Requested size: 100.48126pt x 100.48126pt.

<../results/backtracking_forward/map_build/bt_forward_I00005.pdf, id=144, 1004.
75375pt x 1004.75375pt>
File: ../results/backtracking_forward/map_build/bt_forward_I00005.pdf Graphic f
ile (type pdf)

<use ../results/backtracking_forward/map_build/bt_forward_I00005.pdf>
Package pdftex.def Info: ../results/backtracking_forward/map_build/bt_forward_I
00005.pdf used on input line 106.
(pdftex.def)             Requested size: 100.48126pt x 100.48126pt.

<../results/backtracking_forward/map_build/bt_forward_I00006.pdf, id=145, 1004.
75375pt x 1004.75375pt>
File: ../results/backtracking_forward/map_build/bt_forward_I00006.pdf Graphic f
ile (type pdf)

<use ../results/backtracking_forward/map_build/bt_forward_I00006.pdf>
Package pdftex.def Info: ../results/backtracking_forward/map_build/bt_forward_I
00006.pdf used on input line 107.
(pdftex.def)             Requested size: 100.48126pt x 100.48126pt.

<../results/backtracking_forward/map_build/bt_forward_I00007.pdf, id=146, 1004.
75375pt x 1004.75375pt>
File: ../results/backtracking_forward/map_build/bt_forward_I00007.pdf Graphic f
ile (type pdf)

<use ../results/backtracking_forward/map_build/bt_forward_I00007.pdf>
Package pdftex.def Info: ../results/backtracking_forward/map_build/bt_forward_I
00007.pdf used on input line 108.
(pdftex.def)             Requested size: 100.48126pt x 100.48126pt.

<../results/backtracking_forward/map_build/bt_forward_I00008.pdf, id=147, 1004.
75375pt x 1004.75375pt>
File: ../results/backtracking_forward/map_build/bt_forward_I00008.pdf Graphic f
ile (type pdf)

<use ../results/backtracking_forward/map_build/bt_forward_I00008.pdf>
Package pdftex.def Info: ../results/backtracking_forward/map_build/bt_forward_I
00008.pdf used on input line 109.
(pdftex.def)             Requested size: 100.48126pt x 100.48126pt.

<../results/backtracking_forward/map_build/bt_forward_I00009.pdf, id=148, 1004.
75375pt x 1004.75375pt>
File: ../results/backtracking_forward/map_build/bt_forward_I00009.pdf Graphic f
ile (type pdf)

<use ../results/backtracking_forward/map_build/bt_forward_I00009.pdf>
Package pdftex.def Info: ../results/backtracking_forward/map_build/bt_forward_I
00009.pdf used on input line 111.
(pdftex.def)             Requested size: 100.48126pt x 100.48126pt.

<../results/backtracking_forward/map_build/bt_forward_I00010.pdf, id=149, 1004.
75375pt x 1004.75375pt>
File: ../results/backtracking_forward/map_build/bt_forward_I00010.pdf Graphic f
ile (type pdf)

<use ../results/backtracking_forward/map_build/bt_forward_I00010.pdf>
Package pdftex.def Info: ../results/backtracking_forward/map_build/bt_forward_I
00010.pdf used on input line 112.
(pdftex.def)             Requested size: 100.48126pt x 100.48126pt.

<../results/backtracking_forward/map_build/bt_forward_I00011.pdf, id=150, 1004.
75375pt x 1004.75375pt>
File: ../results/backtracking_forward/map_build/bt_forward_I00011.pdf Graphic f
ile (type pdf)

<use ../results/backtracking_forward/map_build/bt_forward_I00011.pdf>
Package pdftex.def Info: ../results/backtracking_forward/map_build/bt_forward_I
00011.pdf used on input line 113.
(pdftex.def)             Requested size: 100.48126pt x 100.48126pt.

<../results/backtracking_forward/map_build/bt_forward_I00012.pdf, id=151, 1004.
75375pt x 1004.75375pt>
File: ../results/backtracking_forward/map_build/bt_forward_I00012.pdf Graphic f
ile (type pdf)

<use ../results/backtracking_forward/map_build/bt_forward_I00012.pdf>
Package pdftex.def Info: ../results/backtracking_forward/map_build/bt_forward_I
00012.pdf used on input line 114.
(pdftex.def)             Requested size: 100.48126pt x 100.48126pt.

<../results/backtracking_forward/map_build/bt_forward_I00013.pdf, id=152, 1004.
75375pt x 1004.75375pt>
File: ../results/backtracking_forward/map_build/bt_forward_I00013.pdf Graphic f
ile (type pdf)

<use ../results/backtracking_forward/map_build/bt_forward_I00013.pdf>
Package pdftex.def Info: ../results/backtracking_forward/map_build/bt_forward_I
00013.pdf used on input line 116.
(pdftex.def)             Requested size: 100.48126pt x 100.48126pt.
 [2 <../results/backtracking_simple/map_build/bt_simple_I00001.pdf> <../results
/backtracking_simple/map_build/bt_simple_I00002.pdf

pdfTeX warning: /usr/bin/pdflatex (file ../results/backtracking_simple/map_buil
d/bt_simple_I00002.pdf): PDF inclusion: multiple pdfs with page group included 
in a single page
> <../results/backtracking_simple/map_build/bt_simple_I00003.pdf

pdfTeX warning: /usr/bin/pdflatex (file ../results/backtracking_simple/map_buil
d/bt_simple_I00003.pdf): PDF inclusion: multiple pdfs with page group included 
in a single page
> <../results/backtracking_simple/map_build/bt_simple_I00004.pdf

pdfTeX warning: /usr/bin/pdflatex (file ../results/backtracking_simple/map_buil
d/bt_simple_I00004.pdf): PDF inclusion: multiple pdfs with page group included 
in a single page
> <../results/backtracking_simple/map_build/bt_simple_I00005.pdf

pdfTeX warning: /usr/bin/pdflatex (file ../results/backtracking_simple/map_buil
d/bt_simple_I00005.pdf): PDF inclusion: multiple pdfs with page group included 
in a single page
> <../results/backtracking_simple/map_build/bt_simple_I00006.pdf

pdfTeX warning: /usr/bin/pdflatex (file ../results/backtracking_simple/map_buil
d/bt_simple_I00006.pdf): PDF inclusion: multiple pdfs with page group included 
in a single page
> <../results/backtracking_simple/map_build/bt_simple_I00007.pdf

pdfTeX warning: /usr/bin/pdflatex (file ../results/backtracking_simple/map_buil
d/bt_simple_I00007.pdf): PDF inclusion: multiple pdfs with page group included 
in a single page
> <../results/backtracking_simple/map_build/bt_simple_I00008.pdf

pdfTeX warning: /usr/bin/pdflatex (file ../results/backtracking_simple/map_buil
d/bt_simple_I00008.pdf): PDF inclusion: multiple pdfs with page group included 
in a single page
> <../results/backtracking_simple/map_build/bt_simple_I00009.pdf

pdfTeX warning: /usr/bin/pdflatex (file ../results/backtracking_simple/map_buil
d/bt_simple_I00009.pdf): PDF inclusion: multiple pdfs with page group included 
in a single page
> <../results/backtracking_simple/map_build/bt_simple_I00010.pdf

pdfTeX warning: /usr/bin/pdflatex (file ../results/backtracking_simple/map_buil
d/bt_simple_I00010.pdf): PDF inclusion: multiple pdfs with page group included 
in a single page
> <../results/backtracking_simple/map_build/bt_simple_I00011.pdf

pdfTeX warning: /usr/bin/pdflatex (file ../results/backtracking_simple/map_buil
d/bt_simple_I00011.pdf): PDF inclusion: multiple pdfs with page group included 
in a single page
> <../results/backtracking_simple/map_build/bt_simple_I00012.pdf

pdfTeX warning: /usr/bin/pdflatex (file ../results/backtracking_simple/map_buil
d/bt_simple_I00012.pdf): PDF inclusion: multiple pdfs with page group included 
in a single page
> <../results/backtracking_simple/map_build/bt_simple_I00013.pdf

pdfTeX warning: /usr/bin/pdflatex (file ../results/backtracking_simple/map_buil
d/bt_simple_I00013.pdf): PDF inclusion: multiple pdfs with page group included 
in a single page
> <../results/backtracking_simple/map_build/bt_simple_I00014.pdf

pdfTeX warning: /usr/bin/pdflatex (file ../results/backtracking_simple/map_buil
d/bt_simple_I00014.pdf): PDF inclusion: multiple pdfs with page group included 
in a single page
> <../results/backtracking_simple/map_build/bt_simple_I00015.pdf

pdfTeX warning: /usr/bin/pdflatex (file ../results/backtracking_simple/map_buil
d/bt_simple_I00015.pdf): PDF inclusion: multiple pdfs with page group included 
in a single page
> <../results/backtracking_simple/map_build/bt_simple_I00016.pdf

pdfTeX warning: /usr/bin/pdflatex (file ../results/backtracking_simple/map_buil
d/bt_simple_I00016.pdf): PDF inclusion: multiple pdfs with page group included 
in a single page
> <../results/backtracking_simple/map_build/bt_simple_I00017.pdf

pdfTeX warning: /usr/bin/pdflatex (file ../results/backtracking_simple/map_buil
d/bt_simple_I00017.pdf): PDF inclusion: multiple pdfs with page group included 
in a single page
> <../results/backtracking_simple/map_build/bt_simple_I00018.pdf

pdfTeX warning: /usr/bin/pdflatex (file ../results/backtracking_simple/map_buil
d/bt_simple_I00018.pdf): PDF inclusion: multiple pdfs with page group included 
in a single page
> <../results/backtracking_simple/map_build/bt_simple_I00019.pdf

pdfTeX warning: /usr/bin/pdflatex (file ../results/backtracking_simple/map_buil
d/bt_simple_I00019.pdf): PDF inclusion: multiple pdfs with page group included 
in a single page
> <../results/backtracking_simple/map_build/bt_simple_I00020.pdf

pdfTeX warning: /usr/bin/pdflatex (file ../results/backtracking_simple/map_buil
d/bt_simple_I00020.pdf): PDF inclusion: multiple pdfs with page group included 
in a single page
>]
<../results/backtracking_mac/map_build/bt_mac_I00001.pdf, id=299, 1004.75375pt 
x 1004.75375pt>
File: ../results/backtracking_mac/map_build/bt_mac_I00001.pdf Graphic file (typ
e pdf)
 <use ../results/backtracking_mac/map_build/bt_mac_I00001.pdf>
Package pdftex.def Info: ../results/backtracking_mac/map_build/bt_mac_I00001.pd
f used on input line 123.
(pdftex.def)             Requested size: 100.48126pt x 100.48126pt.

<../results/backtracking_mac/map_build/bt_mac_I00002.pdf, id=300, 1004.75375pt 
x 1004.75375pt>
File: ../results/backtracking_mac/map_build/bt_mac_I00002.pdf Graphic file (typ
e pdf)
 <use ../results/backtracking_mac/map_build/bt_mac_I00002.pdf>
Package pdftex.def Info: ../results/backtracking_mac/map_build/bt_mac_I00002.pd
f used on input line 124.
(pdftex.def)             Requested size: 100.48126pt x 100.48126pt.

<../results/backtracking_mac/map_build/bt_mac_I00003.pdf, id=301, 1004.75375pt 
x 1004.75375pt>
File: ../results/backtracking_mac/map_build/bt_mac_I00003.pdf Graphic file (typ
e pdf)
 <use ../results/backtracking_mac/map_build/bt_mac_I00003.pdf>
Package pdftex.def Info: ../results/backtracking_mac/map_build/bt_mac_I00003.pd
f used on input line 125.
(pdftex.def)             Requested size: 100.48126pt x 100.48126pt.

<../results/backtracking_mac/map_build/bt_mac_I00004.pdf, id=302, 1004.75375pt 
x 1004.75375pt>
File: ../results/backtracking_mac/map_build/bt_mac_I00004.pdf Graphic file (typ
e pdf)
 <use ../results/backtracking_mac/map_build/bt_mac_I00004.pdf>
Package pdftex.def Info: ../results/backtracking_mac/map_build/bt_mac_I00004.pd
f used on input line 126.
(pdftex.def)             Requested size: 100.48126pt x 100.48126pt.

<../results/backtracking_mac/map_build/bt_mac_I00005.pdf, id=303, 1004.75375pt 
x 1004.75375pt>
File: ../results/backtracking_mac/map_build/bt_mac_I00005.pdf Graphic file (typ
e pdf)
 <use ../results/backtracking_mac/map_build/bt_mac_I00005.pdf>
Package pdftex.def Info: ../results/backtracking_mac/map_build/bt_mac_I00005.pd
f used on input line 128.
(pdftex.def)             Requested size: 100.48126pt x 100.48126pt.

<../results/backtracking_mac/map_build/bt_mac_I00006.pdf, id=304, 1004.75375pt 
x 1004.75375pt>
File: ../results/backtracking_mac/map_build/bt_mac_I00006.pdf Graphic file (typ
e pdf)
 <use ../results/backtracking_mac/map_build/bt_mac_I00006.pdf>
Package pdftex.def Info: ../results/backtracking_mac/map_build/bt_mac_I00006.pd
f used on input line 129.
(pdftex.def)             Requested size: 100.48126pt x 100.48126pt.

<../results/backtracking_mac/map_build/bt_mac_I00007.pdf, id=305, 1004.75375pt 
x 1004.75375pt>
File: ../results/backtracking_mac/map_build/bt_mac_I00007.pdf Graphic file (typ
e pdf)
 <use ../results/backtracking_mac/map_build/bt_mac_I00007.pdf>
Package pdftex.def Info: ../results/backtracking_mac/map_build/bt_mac_I00007.pd
f used on input line 130.
(pdftex.def)             Requested size: 100.48126pt x 100.48126pt.

<../results/backtracking_mac/map_build/bt_mac_I00008.pdf, id=306, 1004.75375pt 
x 1004.75375pt>
File: ../results/backtracking_mac/map_build/bt_mac_I00008.pdf Graphic file (typ
e pdf)
 <use ../results/backtracking_mac/map_build/bt_mac_I00008.pdf>
Package pdftex.def Info: ../results/backtracking_mac/map_build/bt_mac_I00008.pd
f used on input line 131.
(pdftex.def)             Requested size: 100.48126pt x 100.48126pt.

<../results/backtracking_mac/map_build/bt_mac_I00009.pdf, id=307, 1004.75375pt 
x 1004.75375pt>
File: ../results/backtracking_mac/map_build/bt_mac_I00009.pdf Graphic file (typ
e pdf)
 <use ../results/backtracking_mac/map_build/bt_mac_I00009.pdf>
Package pdftex.def Info: ../results/backtracking_mac/map_build/bt_mac_I00009.pd
f used on input line 133.
(pdftex.def)             Requested size: 100.48126pt x 100.48126pt.

<../results/backtracking_mac/map_build/bt_mac_I00010.pdf, id=308, 1004.75375pt 
x 1004.75375pt>
File: ../results/backtracking_mac/map_build/bt_mac_I00010.pdf Graphic file (typ
e pdf)
 <use ../results/backtracking_mac/map_build/bt_mac_I00010.pdf>
Package pdftex.def Info: ../results/backtracking_mac/map_build/bt_mac_I00010.pd
f used on input line 134.
(pdftex.def)             Requested size: 100.48126pt x 100.48126pt.

<../results/backtracking_mac/map_build/bt_mac_I00011.pdf, id=309, 1004.75375pt 
x 1004.75375pt>
File: ../results/backtracking_mac/map_build/bt_mac_I00011.pdf Graphic file (typ
e pdf)
 <use ../results/backtracking_mac/map_build/bt_mac_I00011.pdf>
Package pdftex.def Info: ../results/backtracking_mac/map_build/bt_mac_I00011.pd
f used on input line 135.
(pdftex.def)             Requested size: 100.48126pt x 100.48126pt.

<../results/backtracking_mac/map_build/bt_mac_I00012.pdf, id=310, 1004.75375pt 
x 1004.75375pt>
File: ../results/backtracking_mac/map_build/bt_mac_I00012.pdf Graphic file (typ
e pdf)
 <use ../results/backtracking_mac/map_build/bt_mac_I00012.pdf>
Package pdftex.def Info: ../results/backtracking_mac/map_build/bt_mac_I00012.pd
f used on input line 136.
(pdftex.def)             Requested size: 100.48126pt x 100.48126pt.

[3 <../results/backtracking_forward/map_build/bt_forward_I00001.pdf> <../result
s/backtracking_forward/map_build/bt_forward_I00002.pdf

pdfTeX warning: /usr/bin/pdflatex (file ../results/backtracking_forward/map_bui
ld/bt_forward_I00002.pdf): PDF inclusion: multiple pdfs with page group include
d in a single page
> <../results/backtracking_forward/map_build/bt_forward_I00003.pdf

pdfTeX warning: /usr/bin/pdflatex (file ../results/backtracking_forward/map_bui
ld/bt_forward_I00003.pdf): PDF inclusion: multiple pdfs with page group include
d in a single page
> <../results/backtracking_forward/map_build/bt_forward_I00004.pdf

pdfTeX warning: /usr/bin/pdflatex (file ../results/backtracking_forward/map_bui
ld/bt_forward_I00004.pdf): PDF inclusion: multiple pdfs with page group include
d in a single page
> <../results/backtracking_forward/map_build/bt_forward_I00005.pdf

pdfTeX warning: /usr/bin/pdflatex (file ../results/backtracking_forward/map_bui
ld/bt_forward_I00005.pdf): PDF inclusion: multiple pdfs with page group include
d in a single page
> <../results/backtracking_forward/map_build/bt_forward_I00006.pdf

pdfTeX warning: /usr/bin/pdflatex (file ../results/backtracking_forward/map_bui
ld/bt_forward_I00006.pdf): PDF inclusion: multiple pdfs with page group include
d in a single page
> <../results/backtracking_forward/map_build/bt_forward_I00007.pdf

pdfTeX warning: /usr/bin/pdflatex (file ../results/backtracking_forward/map_bui
ld/bt_forward_I00007.pdf): PDF inclusion: multiple pdfs with page group include
d in a single page
> <../results/backtracking_forward/map_build/bt_forward_I00008.pdf

pdfTeX warning: /usr/bin/pdflatex (file ../results/backtracking_forward/map_bui
ld/bt_forward_I00008.pdf): PDF inclusion: multiple pdfs with page group include
d in a single page
> <../results/backtracking_forward/map_build/bt_forward_I00009.pdf

pdfTeX warning: /usr/bin/pdflatex (file ../results/backtracking_forward/map_bui
ld/bt_forward_I00009.pdf): PDF inclusion: multiple pdfs with page group include
d in a single page
> <../results/backtracking_forward/map_build/bt_forward_I00010.pdf

pdfTeX warning: /usr/bin/pdflatex (file ../results/backtracking_forward/map_bui
ld/bt_forward_I00010.pdf): PDF inclusion: multiple pdfs with page group include
d in a single page
> <../results/backtracking_forward/map_build/bt_forward_I00011.pdf

pdfTeX warning: /usr/bin/pdflatex (file ../results/backtracking_forward/map_bui
ld/bt_forward_I00011.pdf): PDF inclusion: multiple pdfs with page group include
d in a single page
> <../results/backtracking_forward/map_build/bt_forward_I00012.pdf

pdfTeX warning: /usr/bin/pdflatex (file ../results/backtracking_forward/map_bui
ld/bt_forward_I00012.pdf): PDF inclusion: multiple pdfs with page group include
d in a single page
> <../results/backtracking_forward/map_build/bt_forward_I00013.pdf

pdfTeX warning: /usr/bin/pdflatex (file ../results/backtracking_forward/map_bui
ld/bt_forward_I00013.pdf): PDF inclusion: multiple pdfs with page group include
d in a single page
>]
<../results/genetic/map_build/genetic_I00001.pdf, id=329, 1004.75375pt x 1004.7
5375pt>
File: ../results/genetic/map_build/genetic_I00001.pdf Graphic file (type pdf)
 <use ../results/genetic/map_build/genetic_I00001.pdf>
Package pdftex.def Info: ../results/genetic/map_build/genetic_I00001.pdf used o
n input line 145.
(pdftex.def)             Requested size: 100.48126pt x 100.48126pt.

<../results/genetic/map_build/genetic_I00002.pdf, id=330, 1004.75375pt x 1004.7
5375pt>
File: ../results/genetic/map_build/genetic_I00002.pdf Graphic file (type pdf)
 <use ../results/genetic/map_build/genetic_I00002.pdf>
Package pdftex.def Info: ../results/genetic/map_build/genetic_I00002.pdf used o
n input line 146.
(pdftex.def)             Requested size: 100.48126pt x 100.48126pt.

<../results/genetic/map_build/genetic_I00003.pdf, id=331, 1004.75375pt x 1004.7
5375pt>
File: ../results/genetic/map_build/genetic_I00003.pdf Graphic file (type pdf)
 <use ../results/genetic/map_build/genetic_I00003.pdf>
Package pdftex.def Info: ../results/genetic/map_build/genetic_I00003.pdf used o
n input line 147.
(pdftex.def)             Requested size: 100.48126pt x 100.48126pt.

<../results/genetic/map_build/genetic_I00004.pdf, id=332, 1004.75375pt x 1004.7
5375pt>
File: ../results/genetic/map_build/genetic_I00004.pdf Graphic file (type pdf)
 <use ../results/genetic/map_build/genetic_I00004.pdf>
Package pdftex.def Info: ../results/genetic/map_build/genetic_I00004.pdf used o
n input line 148.
(pdftex.def)             Requested size: 100.48126pt x 100.48126pt.

<../results/genetic/map_build/genetic_I00005.pdf, id=333, 1004.75375pt x 1004.7
5375pt>
File: ../results/genetic/map_build/genetic_I00005.pdf Graphic file (type pdf)
 <use ../results/genetic/map_build/genetic_I00005.pdf>
Package pdftex.def Info: ../results/genetic/map_build/genetic_I00005.pdf used o
n input line 150.
(pdftex.def)             Requested size: 100.48126pt x 100.48126pt.

<../results/genetic/map_build/genetic_I00006.pdf, id=334, 1004.75375pt x 1004.7
5375pt>
File: ../results/genetic/map_build/genetic_I00006.pdf Graphic file (type pdf)
 <use ../results/genetic/map_build/genetic_I00006.pdf>
Package pdftex.def Info: ../results/genetic/map_build/genetic_I00006.pdf used o
n input line 151.
(pdftex.def)             Requested size: 100.48126pt x 100.48126pt.
 [4 <../results/backtracking_mac/map_build/bt_mac_I00001.pdf> <../results/backt
racking_mac/map_build/bt_mac_I00002.pdf

pdfTeX warning: /usr/bin/pdflatex (file ../results/backtracking_mac/map_build/b
t_mac_I00002.pdf): PDF inclusion: multiple pdfs with page group included in a s
ingle page
> <../results/backtracking_mac/map_build/bt_mac_I00003.pdf

pdfTeX warning: /usr/bin/pdflatex (file ../results/backtracking_mac/map_build/b
t_mac_I00003.pdf): PDF inclusion: multiple pdfs with page group included in a s
ingle page
> <../results/backtracking_mac/map_build/bt_mac_I00004.pdf

pdfTeX warning: /usr/bin/pdflatex (file ../results/backtracking_mac/map_build/b
t_mac_I00004.pdf): PDF inclusion: multiple pdfs with page group included in a s
ingle page
> <../results/backtracking_mac/map_build/bt_mac_I00005.pdf

pdfTeX warning: /usr/bin/pdflatex (file ../results/backtracking_mac/map_build/b
t_mac_I00005.pdf): PDF inclusion: multiple pdfs with page group included in a s
ingle page
> <../results/backtracking_mac/map_build/bt_mac_I00006.pdf

pdfTeX warning: /usr/bin/pdflatex (file ../results/backtracking_mac/map_build/b
t_mac_I00006.pdf): PDF inclusion: multiple pdfs with page group included in a s
ingle page
> <../results/backtracking_mac/map_build/bt_mac_I00007.pdf

pdfTeX warning: /usr/bin/pdflatex (file ../results/backtracking_mac/map_build/b
t_mac_I00007.pdf): PDF inclusion: multiple pdfs with page group included in a s
ingle page
> <../results/backtracking_mac/map_build/bt_mac_I00008.pdf

pdfTeX warning: /usr/bin/pdflatex (file ../results/backtracking_mac/map_build/b
t_mac_I00008.pdf): PDF inclusion: multiple pdfs with page group included in a s
ingle page
> <../results/backtracking_mac/map_build/bt_mac_I00009.pdf

pdfTeX warning: /usr/bin/pdflatex (file ../results/backtracking_mac/map_build/b
t_mac_I00009.pdf): PDF inclusion: multiple pdfs with page group included in a s
ingle page
> <../results/backtracking_mac/map_build/bt_mac_I00010.pdf

pdfTeX warning: /usr/bin/pdflatex (file ../results/backtracking_mac/map_build/b
t_mac_I00010.pdf): PDF inclusion: multiple pdfs with page group included in a s
ingle page
> <../results/backtracking_mac/map_build/bt_mac_I00011.pdf

pdfTeX warning: /usr/bin/pdflatex (file ../results/backtracking_mac/map_build/b
t_mac_I00011.pdf): PDF inclusion: multiple pdfs with page group included in a s
ingle page
> <../results/backtracking_mac/map_build/bt_mac_I00012.pdf

pdfTeX warning: /usr/bin/pdflatex (file ../results/backtracking_mac/map_build/b
t_mac_I00012.pdf): PDF inclusion: multiple pdfs with page group included in a s
ingle page
> <../results/genetic/map_build/genetic_I00001.pdf

pdfTeX warning: /usr/bin/pdflatex (file ../results/genetic/map_build/genetic_I0
0001.pdf): PDF inclusion: multiple pdfs with page group included in a single pa
ge
> <../results/genetic/map_build/genetic_I00002.pdf

pdfTeX warning: /usr/bin/pdflatex (file ../results/genetic/map_build/genetic_I0
0002.pdf): PDF inclusion: multiple pdfs with page group included in a single pa
ge
> <../results/genetic/map_build/genetic_I00003.pdf

pdfTeX warning: /usr/bin/pdflatex (file ../results/genetic/map_build/genetic_I0
0003.pdf): PDF inclusion: multiple pdfs with page group included in a single pa
ge
> <../results/genetic/map_build/genetic_I00004.pdf

pdfTeX warning: /usr/bin/pdflatex (file ../results/genetic/map_build/genetic_I0
0004.pdf): PDF inclusion: multiple pdfs with page group included in a single pa
ge
> <../results/genetic/map_build/genetic_I00005.pdf

pdfTeX warning: /usr/bin/pdflatex (file ../results/genetic/map_build/genetic_I0
0005.pdf): PDF inclusion: multiple pdfs with page group included in a single pa
ge
> <../results/genetic/map_build/genetic_I00006.pdf

pdfTeX warning: /usr/bin/pdflatex (file ../results/genetic/map_build/genetic_I0
0006.pdf): PDF inclusion: multiple pdfs with page group included in a single pa
ge
>]
Package atveryend Info: Empty hook `BeforeClearDocument' on input line 156.
Package atveryend Info: Empty hook `AfterLastShipout' on input line 156.
 (./output.aux)
Package atveryend Info: Executing hook `AtVeryEndDocument' on input line 156.
Package atveryend Info: Executing hook `AtEndAfterFileList' on input line 156.
Package rerunfilecheck Info: File `output.out' has not changed.
(rerunfilecheck)             Checksum: BF618278EC8CED25CED79C112C873D14;288.


LaTeX Font Warning: Size substitutions with differences
(Font)              up to 0.88pt have occurred.

Package atveryend Info: Empty hook `AtVeryVeryEnd' on input line 156.
 ) 
Here is how much of TeX's memory you used:
 17198 strings out of 493029
 327672 string characters out of 6136234
 382746 words of memory out of 5000000
 20366 multiletter control sequences out of 15000+600000
 11963 words of font info for 47 fonts, out of 8000000 for 9000
 1141 hyphenation exceptions out of 8191
 55i,11n,54p,413b,333s stack positions out of 5000i,500n,10000p,200000b,80000s
</usr/share/texlive/texmf-dist/fonts/type1/public/amsfonts/cm/cmbx12.pfb></us
r/share/texlive/texmf-dist/fonts/type1/public/amsfonts/cm/cmcsc10.pfb></usr/sha
re/texlive/texmf-dist/fonts/type1/public/amsfonts/cm/cmr10.pfb></usr/share/texl
ive/texmf-dist/fonts/type1/public/amsfonts/cm/cmr12.pfb></usr/share/texlive/tex
mf-dist/fonts/type1/public/amsfonts/cm/cmsy10.pfb></usr/share/texlive/texmf-dis
t/fonts/type1/public/amsfonts/cm/cmtt10.pfb>
Output written on output.pdf (4 pages, 279638 bytes).
PDF statistics:
 420 PDF objects out of 1000 (max. 8388607)
 272 compressed objects within 3 object streams
 10 named destinations out of 1000 (max. 500000)
 358 words of extra memory for PDF output out of 10000 (max. 10000000)

